<?xml version="1.0" encoding="UTF-8"?>
<!-- Generated by org.testng.reporters.JUnitXMLReporter -->
<testsuite ignored="0" hostname="FIS-661" failures="1" tests="1" name="Test" time="6.519" errors="0" timestamp="12 Mar 2022 20:09:27 GMT">
  <testcase classname="com.tmb.tests.HomepageTests" name="testGoogle" time="1.738">
    <failure type="java.lang.AssertionError" message="[It does not contains expected text] 
Expecting:
 &amp;lt;&amp;quot;Testing mini bytes - Youtube - بحث Google‏&amp;quot;&amp;gt;
to contain:
 &amp;lt;&amp;quot;google search&amp;quot;&amp;gt;
 (ignoring case)">
      <![CDATA[java.lang.AssertionError: [It does not contains expected text] 
Expecting:
 <"Testing mini bytes - Youtube - بحث Google‏">
to contain:
 <"google search">
 (ignoring case)
at com.tmb.tests.HomepageTests.testGoogle(HomepageTests.java:42)
at java.base/java.util.concurrent.ThreadPoolExecutor.runWorker(ThreadPoolExecutor.java:1130)
at java.base/java.util.concurrent.ThreadPoolExecutor$Worker.run(ThreadPoolExecutor.java:630)
at java.base/java.lang.Thread.run(Thread.java:832)
... Removed 10 stack frames]]>
    </failure>
  </testcase> <!-- testGoogle -->
</testsuite> <!-- Test -->
