<?xml version="1.0" encoding="UTF-8"?>
<!-- Generated by org.testng.reporters.JUnitReportReporter -->
<testsuite hostname="FIS-661" failures="1" tests="1" name="com.tmb.tests.HomepageTests" time="5.714" errors="0" timestamp="12 Mar 2022 20:09:28 GMT" skipped="0">
  <testcase classname="com.tmb.tests.HomepageTests" name="testGoogle" time="5.714">
    <failure message="[It does not contains expected text] 
Expecting:
 &lt;&quot;Testing mini bytes - Youtube - بحث Google‏&quot;&gt;
to contain:
 &lt;&quot;google search&quot;&gt;
 (ignoring case)" type="java.lang.AssertionError">
      <![CDATA[java.lang.AssertionError: [It does not contains expected text] 
Expecting:
 <"Testing mini bytes - Youtube - بحث Google‏">
to contain:
 <"google search">
 (ignoring case)
at com.tmb.tests.HomepageTests.testGoogle(HomepageTests.java:42)
at java.base/jdk.internal.reflect.NativeMethodAccessorImpl.invoke0(Native Method)
at java.base/jdk.internal.reflect.NativeMethodAccessorImpl.invoke(NativeMethodAccessorImpl.java:64)
at java.base/jdk.internal.reflect.DelegatingMethodAccessorImpl.invoke(DelegatingMethodAccessorImpl.java:43)
at java.base/java.lang.reflect.Method.invoke(Method.java:564)
at org.testng.internal.MethodInvocationHelper.invokeMethod(MethodInvocationHelper.java:124)
at org.testng.internal.Invoker.invokeMethod(Invoker.java:583)
at org.testng.internal.Invoker.invokeTestMethod(Invoker.java:719)
at org.testng.internal.Invoker.invokeTestMethods(Invoker.java:989)
at org.testng.internal.TestMethodWorker.invokeTestMethods(TestMethodWorker.java:125)
at org.testng.internal.TestMethodWorker.run(TestMethodWorker.java:109)
at java.base/java.util.concurrent.ThreadPoolExecutor.runWorker(ThreadPoolExecutor.java:1130)
at java.base/java.util.concurrent.ThreadPoolExecutor$Worker.run(ThreadPoolExecutor.java:630)
at java.base/java.lang.Thread.run(Thread.java:832)
]]>
    </failure>
  </testcase> <!-- testGoogle -->
</testsuite> <!-- com.tmb.tests.HomepageTests -->
